EMPTY language in proyect: EbookFoundation/free-programming-books
EMPTY language in proyect: sindresorhus/awesome
EMPTY language in proyect: justjavac/free-programming-books-zh_CN
EMPTY language in proyect: vuejs/awesome-vue
EMPTY language in proyect: enaqx/awesome-react
EMPTY language in proyect: DopplerHQ/awesome-interview-questions
EMPTY language in proyect: k88hudson/git-flight-rules
EMPTY language in proyect: fffaraz/awesome-cpp
EMPTY language in proyect: tiimgreen/github-cheat-sheet
EMPTY language in proyect: alex/what-happens-when
EMPTY language in proyect: xitu/gold-miner
EMPTY language in proyect: sorrycc/awesome-javascript
EMPTY language in proyect: ziadoz/awesome-php
EMPTY language in proyect: alebcay/awesome-shell
EMPTY language in proyect: lukasz-madon/awesome-remote-job
EMPTY language in proyect: veggiemonk/awesome-docker
EMPTY language in proyect: servo/servo
EMPTY language in proyect: wsargent/docker-cheat-sheet
EMPTY language in proyect: academic/awesome-datascience
EMPTY language in proyect: rubocop/ruby-style-guide
EMPTY language in proyect: enaqx/awesome-pentest
EMPTY language in proyect: quozd/awesome-dotnet
EMPTY language in proyect: dariubs/GoBooks
EMPTY language in proyect: matiassingers/awesome-readme
EMPTY language in proyect: hangtwenty/dive-into-machine-learning
EMPTY language in proyect: mfornos/awesome-microservices
EMPTY language in proyect: chiraggude/awesome-laravel
